# JRE version: OpenJDK Runtime Environment Temurin-17.0.16+8 (17.0.16+8) (build 17.0.16+8)
# Java VM: OpenJDK 64-Bit Server VM Temurin-17.0.16+8 (17.0.16+8, mixed mode, sharing, tiered, compressed oops, compressed class ptrs, g1 gc, windows-amd64)
GC Precious Log:
 CPUs: 4 total, 4 available
 Memory: 16263M
 Large Page Support: Disabled
 NUMA Support: Disabled
 Compressed Oops: Enabled (32-bit)
 Heap Region Size: 1M
 Heap Min Capacity: 8M
 Heap Initial Capacity: 256M
 Heap Max Capacity: 2G
 Pre-touch: Disabled
 Parallel Workers: 4
 Concurrent Workers: 1
 Concurrent Refinement Workers: 4
 Periodic GC: Disabled
Heap:
 garbage-first heap   total 211968K, used 180442K [0x0000000080000000, 0x0000000100000000)
  region size 1024K, 20 young (20480K), 3 survivors (3072K)
 Metaspace       used 111581K, committed 112512K, reserved 1179648K
  class space    used 15409K, committed 15872K, reserved 1048576K
GC Heap History (20 events):
Event: 57.295 GC heap before
{Heap before GC invocations=71 (full 0):
 garbage-first heap   total 211968K, used 176779K [0x0000000080000000, 0x0000000100000000)
  region size 1024K, 53 young (54272K), 7 survivors (7168K)
 Metaspace       used 98018K, committed 98880K, reserved 1179648K
  class space    used 13576K, committed 13952K, reserved 1048576K
}
Event: 57.303 GC heap after
{Heap after GC invocations=72 (full 0):
 garbage-first heap   total 211968K, used 130326K [0x0000000080000000, 0x0000000100000000)
  region size 1024K, 4 young (4096K), 4 survivors (4096K)
 Metaspace       used 98018K, committed 98880K, reserved 1179648K
  class space    used 13576K, committed 13952K, reserved 1048576K
}
Event: 58.257 GC heap before
{Heap before GC invocations=72 (full 0):
 garbage-first heap   total 211968K, used 177430K [0x0000000080000000, 0x0000000100000000)
  region size 1024K, 51 young (52224K), 4 survivors (4096K)
 Metaspace       used 98153K, committed 99008K, reserved 1179648K
  class space    used 13593K, committed 14016K, reserved 1048576K
}
Event: 58.269 GC heap after
{Heap after GC invocations=73 (full 0):
 garbage-first heap   total 211968K, used 132768K [0x0000000080000000, 0x0000000100000000)
  region size 1024K, 6 young (6144K), 6 survivors (6144K)
 Metaspace       used 98153K, committed 99008K, reserved 1179648K
  class space    used 13593K, committed 14016K, reserved 1048576K
}
Event: 60.714 GC heap before
{Heap before GC invocations=73 (full 0):
 garbage-first heap   total 211968K, used 177824K [0x0000000080000000, 0x0000000100000000)
  region size 1024K, 51 young (52224K), 6 survivors (6144K)
 Metaspace       used 100822K, committed 101696K, reserved 1179648K
  class space    used 13901K, committed 14336K, reserved 1048576K
}
Event: 60.726 GC heap after
{Heap after GC invocations=74 (full 0):
 garbage-first heap   total 211968K, used 136102K [0x0000000080000000, 0x0000000100000000)
  region size 1024K, 6 young (6144K), 6 survivors (6144K)
 Metaspace       used 100822K, committed 101696K, reserved 1179648K
  class space    used 13901K, committed 14336K, reserved 1048576K
}
Event: 177.345 GC heap before
{Heap before GC invocations=74 (full 0):
 garbage-first heap   total 211968K, used 179110K [0x0000000080000000, 0x0000000100000000)
  region size 1024K, 49 young (50176K), 6 survivors (6144K)
 Metaspace       used 102409K, committed 103360K, reserved 1179648K
  class space    used 14119K, committed 14592K, reserved 1048576K
}
Event: 177.355 GC heap after
{Heap after GC invocations=75 (full 0):
 garbage-first heap   total 211968K, used 137456K [0x0000000080000000, 0x0000000100000000)
  region size 1024K, 5 young (5120K), 5 survivors (5120K)
 Metaspace       used 102409K, committed 103360K, reserved 1179648K
  class space    used 14119K, committed 14592K, reserved 1048576K
}
Event: 179.400 GC heap before
{Heap before GC invocations=75 (full 0):
 garbage-first heap   total 211968K, used 183536K [0x0000000080000000, 0x0000000100000000)
  region size 1024K, 47 young (48128K), 5 survivors (5120K)
 Metaspace       used 104175K, committed 105024K, reserved 1179648K
  class space    used 14358K, committed 14784K, reserved 1048576K
}
Event: 179.410 GC heap after
{Heap after GC invocations=76 (full 0):
 garbage-first heap   total 211968K, used 141501K [0x0000000080000000, 0x0000000100000000)
  region size 1024K, 6 young (6144K), 6 survivors (6144K)
 Metaspace       used 104175K, committed 105024K, reserved 1179648K
  class space    used 14358K, committed 14784K, reserved 1048576K
}
Event: 180.314 GC heap before
{Heap before GC invocations=76 (full 0):
 garbage-first heap   total 211968K, used 179389K [0x0000000080000000, 0x0000000100000000)
  region size 1024K, 44 young (45056K), 6 survivors (6144K)
 Metaspace       used 106937K, committed 107904K, reserved 1179648K
  class space    used 14756K, committed 15232K, reserved 1048576K
}
Event: 180.325 GC heap after
{Heap after GC invocations=77 (full 0):
 garbage-first heap   total 211968K, used 147682K [0x0000000080000000, 0x0000000100000000)
  region size 1024K, 6 young (6144K), 6 survivors (6144K)
 Metaspace       used 106937K, committed 107904K, reserved 1179648K
  class space    used 14756K, committed 15232K, reserved 1048576K
}
Event: 180.754 GC heap before
{Heap before GC invocations=77 (full 0):
 garbage-first heap   total 211968K, used 178402K [0x0000000080000000, 0x0000000100000000)
  region size 1024K, 37 young (37888K), 6 survivors (6144K)
 Metaspace       used 107511K, committed 108416K, reserved 1179648K
  class space    used 14798K, committed 15232K, reserved 1048576K
}
Event: 180.775 GC heap after
{Heap after GC invocations=78 (full 0):
 garbage-first heap   total 211968K, used 156098K [0x0000000080000000, 0x0000000100000000)
  region size 1024K, 5 young (5120K), 5 survivors (5120K)
 Metaspace       used 107511K, committed 108416K, reserved 1179648K
  class space    used 14798K, committed 15232K, reserved 1048576K
}
Event: 180.912 GC heap before
{Heap before GC invocations=78 (full 0):
 garbage-first heap   total 211968K, used 178626K [0x0000000080000000, 0x0000000100000000)
  region size 1024K, 27 young (27648K), 5 survivors (5120K)
 Metaspace       used 107695K, committed 108672K, reserved 1179648K
  class space    used 14824K, committed 15296K, reserved 1048576K
}
Event: 180.928 GC heap after
{Heap after GC invocations=79 (full 0):
 garbage-first heap   total 211968K, used 160768K [0x0000000080000000, 0x0000000100000000)
  region size 1024K, 4 young (4096K), 4 survivors (4096K)
 Metaspace       used 107695K, committed 108672K, reserved 1179648K
  class space    used 14824K, committed 15296K, reserved 1048576K
}
Event: 181.489 GC heap before
{Heap before GC invocations=79 (full 0):
 garbage-first heap   total 211968K, used 179200K [0x0000000080000000, 0x0000000100000000)
  region size 1024K, 23 young (23552K), 4 survivors (4096K)
 Metaspace       used 109641K, committed 110592K, reserved 1179648K
  class space    used 15161K, committed 15616K, reserved 1048576K
}
Event: 181.505 GC heap after
{Heap after GC invocations=80 (full 0):
 garbage-first heap   total 211968K, used 163376K [0x0000000080000000, 0x0000000100000000)
  region size 1024K, 2 young (2048K), 2 survivors (2048K)
 Metaspace       used 109641K, committed 110592K, reserved 1179648K
  class space    used 15161K, committed 15616K, reserved 1048576K
}
Event: 181.817 GC heap before
{Heap before GC invocations=80 (full 0):
 garbage-first heap   total 211968K, used 181808K [0x0000000080000000, 0x0000000100000000)
  region size 1024K, 20 young (20480K), 2 survivors (2048K)
 Metaspace       used 110366K, committed 111296K, reserved 1179648K
  class space    used 15263K, committed 15680K, reserved 1048576K
}
Event: 181.829 GC heap after
{Heap after GC invocations=81 (full 0):
 garbage-first heap   total 211968K, used 165082K [0x0000000080000000, 0x0000000100000000)
  region size 1024K, 3 young (3072K), 3 survivors (3072K)
 Metaspace       used 110366K, committed 111296K, reserved 1179648K
  class space    used 15263K, committed 15680K, reserved 1048576K
}

