# JRE version: OpenJDK Runtime Environment Temurin-17.0.16+8 (17.0.16+8) (build 17.0.16+8)
# Java VM: OpenJDK 64-Bit Server VM Temurin-17.0.16+8 (17.0.16+8, mixed mode, sharing, tiered, compressed oops, compressed class ptrs, g1 gc, windows-amd64)
GC Precious Log:
 CPUs: 4 total, 4 available
 Memory: 16263M
 Large Page Support: Disabled
 NUMA Support: Disabled
 Compressed Oops: Enabled (32-bit)
 Heap Region Size: 1M
 Heap Min Capacity: 8M
 Heap Initial Capacity: 256M
 Heap Max Capacity: 768M
 Pre-touch: Disabled
 Parallel Workers: 4
 Concurrent Workers: 1
 Concurrent Refinement Workers: 4
 Periodic GC: Disabled
Heap:
 garbage-first heap   total 198656K, used 161197K [0x00000000d0000000, 0x0000000100000000)
  region size 1024K, 31 young (31744K), 5 survivors (5120K)
 Metaspace       used 102184K, committed 103040K, reserved 1179648K
  class space    used 14108K, committed 14528K, reserved 1048576K
GC Heap History (20 events):
Event: 55.222 GC heap before
{Heap before GC invocations=69 (full 0):
 garbage-first heap   total 198656K, used 118798K [0x00000000d0000000, 0x0000000100000000)
  region size 1024K, 9 young (9216K), 6 survivors (6144K)
 Metaspace       used 96121K, committed 96896K, reserved 1179648K
  class space    used 13369K, committed 13760K, reserved 1048576K
}
Event: 55.232 GC heap after
{Heap after GC invocations=70 (full 0):
 garbage-first heap   total 198656K, used 117036K [0x00000000d0000000, 0x0000000100000000)
  region size 1024K, 1 young (1024K), 1 survivors (1024K)
 Metaspace       used 96121K, committed 96896K, reserved 1179648K
  class space    used 13369K, committed 13760K, reserved 1048576K
}
Event: 56.434 GC heap before
{Heap before GC invocations=70 (full 0):
 garbage-first heap   total 198656K, used 167212K [0x00000000d0000000, 0x0000000100000000)
  region size 1024K, 51 young (52224K), 1 survivors (1024K)
 Metaspace       used 96189K, committed 96960K, reserved 1179648K
  class space    used 13377K, committed 13760K, reserved 1048576K
}
Event: 56.439 GC heap after
{Heap after GC invocations=71 (full 0):
 garbage-first heap   total 198656K, used 118942K [0x00000000d0000000, 0x0000000100000000)
  region size 1024K, 3 young (3072K), 3 survivors (3072K)
 Metaspace       used 96189K, committed 96960K, reserved 1179648K
  class space    used 13377K, committed 13760K, reserved 1048576K
}
Event: 57.830 GC heap before
{Heap before GC invocations=71 (full 0):
 garbage-first heap   total 198656K, used 167070K [0x00000000d0000000, 0x0000000100000000)
  region size 1024K, 51 young (52224K), 3 survivors (3072K)
 Metaspace       used 96191K, committed 96960K, reserved 1179648K
  class space    used 13377K, committed 13760K, reserved 1048576K
}
Event: 57.838 GC heap after
{Heap after GC invocations=72 (full 0):
 garbage-first heap   total 198656K, used 120807K [0x00000000d0000000, 0x0000000100000000)
  region size 1024K, 5 young (5120K), 5 survivors (5120K)
 Metaspace       used 96191K, committed 96960K, reserved 1179648K
  class space    used 13377K, committed 13760K, reserved 1048576K
}
Event: 59.146 GC heap before
{Heap before GC invocations=72 (full 0):
 garbage-first heap   total 198656K, used 167911K [0x00000000d0000000, 0x0000000100000000)
  region size 1024K, 52 young (53248K), 5 survivors (5120K)
 Metaspace       used 96890K, committed 97728K, reserved 1179648K
  class space    used 13456K, committed 13888K, reserved 1048576K
}
Event: 59.164 GC heap after
{Heap after GC invocations=73 (full 0):
 garbage-first heap   total 198656K, used 124900K [0x00000000d0000000, 0x0000000100000000)
  region size 1024K, 6 young (6144K), 6 survivors (6144K)
 Metaspace       used 96890K, committed 97728K, reserved 1179648K
  class space    used 13456K, committed 13888K, reserved 1048576K
}
Event: 60.466 GC heap before
{Heap before GC invocations=73 (full 0):
 garbage-first heap   total 198656K, used 167908K [0x00000000d0000000, 0x0000000100000000)
  region size 1024K, 49 young (50176K), 6 survivors (6144K)
 Metaspace       used 96975K, committed 97856K, reserved 1179648K
  class space    used 13469K, committed 13888K, reserved 1048576K
}
Event: 60.478 GC heap after
{Heap after GC invocations=74 (full 0):
 garbage-first heap   total 198656K, used 126391K [0x00000000d0000000, 0x0000000100000000)
  region size 1024K, 2 young (2048K), 2 survivors (2048K)
 Metaspace       used 96975K, committed 97856K, reserved 1179648K
  class space    used 13469K, committed 13888K, reserved 1048576K
}
Event: 61.345 GC heap before
{Heap before GC invocations=74 (full 0):
 garbage-first heap   total 198656K, used 169399K [0x00000000d0000000, 0x0000000100000000)
  region size 1024K, 45 young (46080K), 2 survivors (2048K)
 Metaspace       used 97041K, committed 97920K, reserved 1179648K
  class space    used 13477K, committed 13888K, reserved 1048576K
}
Event: 61.351 GC heap after
{Heap after GC invocations=75 (full 0):
 garbage-first heap   total 198656K, used 127231K [0x00000000d0000000, 0x0000000100000000)
  region size 1024K, 3 young (3072K), 3 survivors (3072K)
 Metaspace       used 97041K, committed 97920K, reserved 1179648K
  class space    used 13477K, committed 13888K, reserved 1048576K
}
Event: 66.569 GC heap before
{Heap before GC invocations=75 (full 0):
 garbage-first heap   total 198656K, used 169215K [0x00000000d0000000, 0x0000000100000000)
  region size 1024K, 45 young (46080K), 3 survivors (3072K)
 Metaspace       used 97737K, committed 98560K, reserved 1179648K
  class space    used 13558K, committed 13952K, reserved 1048576K
}
Event: 66.579 GC heap after
{Heap after GC invocations=76 (full 0):
 garbage-first heap   total 198656K, used 132314K [0x00000000d0000000, 0x0000000100000000)
  region size 1024K, 6 young (6144K), 6 survivors (6144K)
 Metaspace       used 97737K, committed 98560K, reserved 1179648K
  class space    used 13558K, committed 13952K, reserved 1048576K
}
Event: 67.401 GC heap before
{Heap before GC invocations=76 (full 0):
 garbage-first heap   total 198656K, used 167130K [0x00000000d0000000, 0x0000000100000000)
  region size 1024K, 41 young (41984K), 6 survivors (6144K)
 Metaspace       used 98118K, committed 99008K, reserved 1179648K
  class space    used 13587K, committed 14016K, reserved 1048576K
}
Event: 67.413 GC heap after
{Heap after GC invocations=77 (full 0):
 garbage-first heap   total 198656K, used 133831K [0x00000000d0000000, 0x0000000100000000)
  region size 1024K, 2 young (2048K), 2 survivors (2048K)
 Metaspace       used 98118K, committed 99008K, reserved 1179648K
  class space    used 13587K, committed 14016K, reserved 1048576K
}
Event: 68.345 GC heap before
{Heap before GC invocations=77 (full 0):
 garbage-first heap   total 198656K, used 167623K [0x00000000d0000000, 0x0000000100000000)
  region size 1024K, 36 young (36864K), 2 survivors (2048K)
 Metaspace       used 98197K, committed 99072K, reserved 1179648K
  class space    used 13598K, committed 14016K, reserved 1048576K
}
Event: 68.353 GC heap after
{Heap after GC invocations=78 (full 0):
 garbage-first heap   total 198656K, used 135027K [0x00000000d0000000, 0x0000000100000000)
  region size 1024K, 3 young (3072K), 3 survivors (3072K)
 Metaspace       used 98197K, committed 99072K, reserved 1179648K
  class space    used 13598K, committed 14016K, reserved 1048576K
}
Event: 70.677 GC heap before
{Heap before GC invocations=78 (full 0):
 garbage-first heap   total 198656K, used 168819K [0x00000000d0000000, 0x0000000100000000)
  region size 1024K, 37 young (37888K), 3 survivors (3072K)
 Metaspace       used 99533K, committed 100352K, reserved 1179648K
  class space    used 13766K, committed 14144K, reserved 1048576K
}
Event: 70.686 GC heap after
{Heap after GC invocations=79 (full 0):
 garbage-first heap   total 198656K, used 136621K [0x00000000d0000000, 0x0000000100000000)
  region size 1024K, 5 young (5120K), 5 survivors (5120K)
 Metaspace       used 99533K, committed 100352K, reserved 1179648K
  class space    used 13766K, committed 14144K, reserved 1048576K
}

